<?xml version="1.0" encoding="UTF-8"?>
<!-- Generated by org.testng.reporters.JUnitReportReporter -->
<testsuite hostname="Sonia-VAIO" name="com.qa.testcases.HomePageTest" tests="2" failures="0" timestamp="21 Apr 2019 10:28:21 GMT" time="82.194" errors="0">
  <testcase name="verifyContactsLink" time="41.290" classname="com.qa.testcases.HomePageTest"/>
  <testcase name="verifyUserName" time="40.904" classname="com.qa.testcases.HomePageTest"/>
</testsuite> <!-- com.qa.testcases.HomePageTest -->
