<?xml version="1.0" encoding="UTF-8"?>
<!-- Generated by org.testng.reporters.JUnitReportReporter -->
<testsuite hostname="Sonia-VAIO" name="com.qa.testcases.LoginPageTest" tests="2" failures="0" timestamp="21 Apr 2019 09:42:25 GMT" time="74.966" errors="0">
  <testcase name="loginTest" time="40.716" classname="com.qa.testcases.LoginPageTest"/>
  <testcase name="verifyLoginPageTitle" time="34.250" classname="com.qa.testcases.LoginPageTest"/>
</testsuite> <!-- com.qa.testcases.LoginPageTest -->
